c:\users\usuario\desktop\udp-redes\aa4_practica_udp\gameserver\x64\debug\vc141.pdb
c:\users\usuario\desktop\udp-redes\aa4_practica_udp\gameserver\x64\debug\vc141.idb
c:\users\usuario\desktop\udp-redes\aa4_practica_udp\gameserver\x64\debug\serversource.obj
c:\users\usuario\desktop\udp-redes\aa4_practica_udp\gameserver\x64\debug\criticpack.obj
c:\users\usuario\desktop\udp-redes\aa4_practica_udp\gameserver\x64\debug\clientproxy.obj
c:\users\usuario\desktop\udp-redes\aa4_practica_udp\gameserver\x64\debug\vc142.idb
c:\users\usuario\desktop\udp-redes\aa4_practica_udp\gameserver\x64\debug\vc142.pdb
c:\users\usuario\desktop\udp-redes\aa4_practica_udp\x64\debug\gameserver.pdb
c:\users\usuario\desktop\udp-redes\aa4_practica_udp\gameserver\x64\debug\gameserver.tlog\cl.command.1.tlog
c:\users\usuario\desktop\udp-redes\aa4_practica_udp\gameserver\x64\debug\gameserver.tlog\cl.read.1.tlog
c:\users\usuario\desktop\udp-redes\aa4_practica_udp\gameserver\x64\debug\gameserver.tlog\cl.write.1.tlog
c:\users\usuario\desktop\udp-redes\aa4_practica_udp\gameserver\x64\debug\gameserver.tlog\link.11116-cvtres.read.1.tlog
c:\users\usuario\desktop\udp-redes\aa4_practica_udp\gameserver\x64\debug\gameserver.tlog\link.11116-cvtres.write.1.tlog
c:\users\usuario\desktop\udp-redes\aa4_practica_udp\gameserver\x64\debug\gameserver.tlog\link.11116-rc.read.1.tlog
c:\users\usuario\desktop\udp-redes\aa4_practica_udp\gameserver\x64\debug\gameserver.tlog\link.11116-rc.write.1.tlog
c:\users\usuario\desktop\udp-redes\aa4_practica_udp\gameserver\x64\debug\gameserver.tlog\link.11116.read.1.tlog
c:\users\usuario\desktop\udp-redes\aa4_practica_udp\gameserver\x64\debug\gameserver.tlog\link.11116.write.1.tlog
c:\users\usuario\desktop\udp-redes\aa4_practica_udp\gameserver\x64\debug\gameserver.tlog\link.command.1.tlog
c:\users\usuario\desktop\udp-redes\aa4_practica_udp\gameserver\x64\debug\gameserver.tlog\link.read.1.tlog
c:\users\usuario\desktop\udp-redes\aa4_practica_udp\gameserver\x64\debug\gameserver.tlog\link.write.1.tlog
