g:\guillem\documents\__enti\xarxes2_folder\aa4_practica_udp\gameclient\x64\debug\vc142.pdb
g:\guillem\documents\__enti\xarxes2_folder\aa4_practica_udp\gameclient\x64\debug\vc142.idb
g:\guillem\documents\__enti\xarxes2_folder\aa4_practica_udp\gameclient\x64\debug\source.obj
g:\guillem\documents\__enti\xarxes2_folder\aa4_practica_udp\gameclient\x64\debug\slither.obj
g:\guillem\documents\__enti\xarxes2_folder\aa4_practica_udp\gameclient\x64\debug\player.obj
g:\guillem\documents\__enti\xarxes2_folder\aa4_practica_udp\gameclient\x64\debug\board.obj
g:\guillem\documents\__enti\xarxes2_folder\aa4_practica_udp\gameclient\x64\debug\clientsource.obj
g:\guillem\documents\__enti\xarxes2_folder\aa4_practica_udp\gameclient\x64\debug\foodball.obj
g:\guillem\documents\__enti\xarxes2_folder\aa4_practica_udp\x64\debug\gameclient.exe
g:\guillem\documents\__enti\xarxes2_folder\aa4_practica_udp\x64\debug\gameclient.ilk
g:\guillem\documents\__enti\xarxes2_folder\aa4_practica_udp\x64\debug\gameclient.pdb
c:\users\guillemserralorenz\documents\aa4_practica_udp\gameclient\x64\debug\board.obj
c:\users\guillemserralorenz\documents\aa4_practica_udp\gameclient\x64\debug\clientsource.obj
c:\users\guillemserralorenz\documents\aa4_practica_udp\gameclient\x64\debug\foodball.obj
c:\users\guillemserralorenz\documents\aa4_practica_udp\gameclient\x64\debug\player.obj
c:\users\guillemserralorenz\documents\aa4_practica_udp\gameclient\x64\debug\slither.obj
c:\users\guillemserralorenz\documents\aa4_practica_udp\gameclient\x64\debug\source.obj
c:\users\guillemserralorenz\documents\aa4_practica_udp\gameclient\x64\debug\vc142.idb
c:\users\guillemserralorenz\documents\aa4_practica_udp\gameclient\x64\debug\vc142.pdb
c:\users\guillemserralorenz\documents\aa4_practica_udp\x64\debug\gameclient.pdb
c:\users\guillemserralorenz\documents\aa4_practica_udp\x64\debug\gameclient.exe
c:\users\guillemserralorenz\documents\aa4_practica_udp\x64\debug\gameclient.ilk
c:\users\guillemserralorenz\documents\aa4_practica_udp\gameclient\x64\debug\gameclient.tlog\cl.command.1.tlog
c:\users\guillemserralorenz\documents\aa4_practica_udp\gameclient\x64\debug\gameclient.tlog\cl.read.1.tlog
c:\users\guillemserralorenz\documents\aa4_practica_udp\gameclient\x64\debug\gameclient.tlog\cl.write.1.tlog
c:\users\guillemserralorenz\documents\aa4_practica_udp\gameclient\x64\debug\gameclient.tlog\link.command.1.tlog
c:\users\guillemserralorenz\documents\aa4_practica_udp\gameclient\x64\debug\gameclient.tlog\link.read.1.tlog
c:\users\guillemserralorenz\documents\aa4_practica_udp\gameclient\x64\debug\gameclient.tlog\link.write.1.tlog
