  Food.cpp
  PlayerInfo.cpp
  UIButton.cpp
c:\users\usuario\desktop\udp-redes\aa4_practica_udp\gamelib\uibutton.cpp(14): warning C4244: 'argumento': conversión de 'T' a 'float'; posible pérdida de datos
          with
          [
              T=int
          ]
c:\users\usuario\desktop\udp-redes\aa4_practica_udp\gamelib\uibutton.cpp(27): warning C4244: 'argumento': conversión de 'float' a 'int'; posible pérdida de datos
c:\users\usuario\desktop\udp-redes\aa4_practica_udp\gamelib\uibutton.cpp(52): warning C4244: 'argumento': conversión de 'T' a 'float'; posible pérdida de datos
          with
          [
              T=int
          ]
  UIText.cpp
c:\users\usuario\desktop\udp-redes\aa4_practica_udp\gamelib\uitext.cpp(21): warning C4244: 'argumento': conversión de 'T' a 'float'; posible pérdida de datos
          with
          [
              T=int
          ]
c:\users\usuario\desktop\udp-redes\aa4_practica_udp\gamelib\uitext.cpp(35): warning C4244: 'argumento': conversión de 'T' a 'float'; posible pérdida de datos
          with
          [
              T=int
          ]
c:\users\usuario\desktop\udp-redes\aa4_practica_udp\gamelib\uitext.cpp(40): warning C4244: 'argumento': conversión de 'T' a 'T'; posible pérdida de datos
          with
          [
              T=float
          ]
          and
          [
              T=int
          ]
c:\users\usuario\desktop\udp-redes\aa4_practica_udp\gamelib\uitext.cpp(51): warning C4244: 'argumento': conversión de 'T' a 'float'; posible pérdida de datos
          with
          [
              T=int
          ]
  UIToggle.cpp
c:\users\usuario\desktop\udp-redes\aa4_practica_udp\gamelib\uitoggle.cpp(9): warning C4244: '=': conversión de 'float' a 'T'; posible pérdida de datos
          with
          [
              T=int
          ]
c:\users\usuario\desktop\udp-redes\aa4_practica_udp\gamelib\uitoggle.cpp(10): warning C4244: '=': conversión de 'float' a 'T'; posible pérdida de datos
          with
          [
              T=int
          ]
c:\users\usuario\desktop\udp-redes\aa4_practica_udp\gamelib\uitoggle.cpp(11): warning C4244: 'argumento': conversión de 'T' a 'float'; posible pérdida de datos
          with
          [
              T=int
          ]
c:\users\usuario\desktop\udp-redes\aa4_practica_udp\gamelib\uitoggle.cpp(12): warning C4244: 'argumento': conversión de 'T' a 'float'; posible pérdida de datos
          with
          [
              T=int
          ]
c:\users\usuario\desktop\udp-redes\aa4_practica_udp\gamelib\uitoggle.cpp(19): warning C4244: 'argumento': conversión de 'float' a 'sf::Uint8'; posible pérdida de datos
c:\users\usuario\desktop\udp-redes\aa4_practica_udp\gamelib\uitoggle.cpp(60): warning C4244: '=': conversión de 'float' a 'T'; posible pérdida de datos
          with
          [
              T=int
          ]
c:\users\usuario\desktop\udp-redes\aa4_practica_udp\gamelib\uitoggle.cpp(61): warning C4244: '=': conversión de 'float' a 'T'; posible pérdida de datos
          with
          [
              T=int
          ]
c:\users\usuario\desktop\udp-redes\aa4_practica_udp\gamelib\uitoggle.cpp(66): warning C4244: 'argumento': conversión de 'T' a 'float'; posible pérdida de datos
          with
          [
              T=int
          ]
c:\users\usuario\desktop\udp-redes\aa4_practica_udp\gamelib\uitoggle.cpp(67): warning C4244: 'argumento': conversión de 'T' a 'float'; posible pérdida de datos
          with
          [
              T=int
          ]
  Generando código...
  GameLib.vcxproj -> C:\Users\usuario\Desktop\UDP-Redes\AA4_Practica_UDP\x64\Debug\GameLib.lib
